

Started GET "/" for 127.0.0.1 at 2011-09-19 17:27:41 +0200

PGError (FATAL:  Ident authentication failed for user "postgres"
):
  



Started GET "/" for 127.0.0.1 at 2011-09-19 17:28:20 +0200

RuntimeError (Your version of PostgreSQL (80123) is too old, please upgrade!):
  

Rendered /usr/local/lib/ruby/gems/1.9.1/gems/actionpack-3.1.0/lib/action_dispatch/middleware/templates/rescues/_trace.erb (2.0ms)
Rendered /usr/local/lib/ruby/gems/1.9.1/gems/actionpack-3.1.0/lib/action_dispatch/middleware/templates/rescues/_request_and_response.erb (45.1ms)
Rendered /usr/local/lib/ruby/gems/1.9.1/gems/actionpack-3.1.0/lib/action_dispatch/middleware/templates/rescues/diagnostics.erb within rescues/layout (70.6ms)
  [1m[36m (15.0ms)[0m  [1mCREATE TABLE "schema_migrations" ("version" character varying(255) NOT NULL) [0m
  [1m[35m (0.2ms)[0m  SHOW search_path
  [1m[36m (3.9ms)[0m  [1m SELECT distinct i.relname, d.indisunique, d.indkey, t.oid
 FROM pg_class t
 INNER JOIN pg_index d ON t.oid = d.indrelid
 INNER JOIN pg_class i ON d.indexrelid = i.oid
 WHERE i.relkind = 'i'
 AND d.indisprimary = 'f'
 AND t.relname = 'schema_migrations'
 AND i.relnamespace IN (SELECT oid FROM pg_namespace WHERE nspname IN ('"$user"','public') )
 ORDER BY i.relname
[0m
  [1m[35m (54.9ms)[0m  CREATE UNIQUE INDEX "unique_schema_migrations" ON "schema_migrations" ("version")
  [1m[36m (0.3ms)[0m  [1mSELECT "schema_migrations"."version" FROM "schema_migrations" [0m
Migrating to CreateWishes (20110919072125)
  [1m[35m (0.1ms)[0m  BEGIN
  [1m[36m (41.4ms)[0m  [1mCREATE TABLE "wishes" ("id" serial primary key, "name" character varying(255), "secret" boolean, "anonymous" boolean, "your_wish" character varying(255), "created_at" timestamp, "updated_at" timestamp) [0m
  [1m[35m (0.7ms)[0m  INSERT INTO "schema_migrations" ("version") VALUES ('20110919072125')
  [1m[36m (10.2ms)[0m  [1mCOMMIT[0m
Migrating to CreateDonations (20110919072135)
  [1m[35m (0.3ms)[0m  BEGIN
  [1m[36m (0.1ms)[0m  [1mROLLBACK[0m


Started GET "/" for 127.0.0.1 at 2011-09-19 17:39:47 +0200
  Processing by HomeController#show as HTML
  [1m[36mWish Load (0.4ms)[0m  [1mSELECT "wishes".* FROM "wishes" [0m
Completed 500 Internal Server Error in 271ms

ActionView::MissingTemplate (Missing template home/show, application/show with {:handlers=>[:erb, :builder], :formats=>[:html], :locale=>[:en, :en]}. Searched in:
  * "/local/ae/webs/thewellofwishes/app/views"
):
  

Rendered /usr/local/lib/ruby/gems/1.9.1/gems/actionpack-3.1.0/lib/action_dispatch/middleware/templates/rescues/missing_template.erb within rescues/layout (21.1ms)


Started GET "/home/show" for 127.0.0.1 at 2011-09-19 17:39:59 +0200

ActionController::RoutingError (No route matches [GET] "/home/show"):
  

Rendered /usr/local/lib/ruby/gems/1.9.1/gems/actionpack-3.1.0/lib/action_dispatch/middleware/templates/rescues/routing_error.erb within rescues/layout (1.4ms)
  [1m[36m (0.4ms)[0m  [1mSELECT "schema_migrations"."version" FROM "schema_migrations" [0m
Migrating to CreateWishes (20110919072125)
Migrating to CreateDonations (20110919072135)
  [1m[35m (0.1ms)[0m  BEGIN
  [1m[36m (0.1ms)[0m  [1mROLLBACK[0m
  [1m[36m (0.4ms)[0m  [1mSELECT "schema_migrations"."version" FROM "schema_migrations" [0m
Migrating to CreateWishes (20110919072125)
Migrating to CreateDonations (20110919072135)
  [1m[35m (0.1ms)[0m  BEGIN
  [1m[36m (94.0ms)[0m  [1mCREATE TABLE "donations" ("id" serial primary key, "amount" float, "code" character varying(255), "wish_id" integer, "created_at" timestamp, "updated_at" timestamp) [0m
  [1m[35m (0.3ms)[0m  INSERT INTO "schema_migrations" ("version") VALUES ('20110919072135')
  [1m[36m (7.8ms)[0m  [1mCOMMIT[0m
  [1m[36m (0.4ms)[0m  [1mSELECT "schema_migrations"."version" FROM "schema_migrations" [0m
Migrating to CreateWishes (20110919072125)
Migrating to CreateDonations (20110919072135)
  [1m[35m (0.3ms)[0m  SELECT "schema_migrations"."version" FROM "schema_migrations" 
  [1m[36m (0.1ms)[0m  [1mSHOW search_path[0m
  [1m[35m (2.4ms)[0m   SELECT distinct i.relname, d.indisunique, d.indkey, t.oid
 FROM pg_class t
 INNER JOIN pg_index d ON t.oid = d.indrelid
 INNER JOIN pg_class i ON d.indexrelid = i.oid
 WHERE i.relkind = 'i'
 AND d.indisprimary = 'f'
 AND t.relname = 'donations'
 AND i.relnamespace IN (SELECT oid FROM pg_namespace WHERE nspname IN ('"$user"','public') )
 ORDER BY i.relname
  [1m[36m (1.3ms)[0m  [1m SELECT distinct i.relname, d.indisunique, d.indkey, t.oid
 FROM pg_class t
 INNER JOIN pg_index d ON t.oid = d.indrelid
 INNER JOIN pg_class i ON d.indexrelid = i.oid
 WHERE i.relkind = 'i'
 AND d.indisprimary = 'f'
 AND t.relname = 'wishes'
 AND i.relnamespace IN (SELECT oid FROM pg_namespace WHERE nspname IN ('"$user"','public') )
 ORDER BY i.relname
[0m


Started GET "/" for 127.0.0.1 at 2011-09-20 08:57:46 +0200
  Processing by HomeController#show as HTML
  [1m[36mWish Load (0.4ms)[0m  [1mSELECT "wishes".* FROM "wishes" [0m
Completed 500 Internal Server Error in 292ms

ActionView::MissingTemplate (Missing template home/show, application/show with {:handlers=>[:erb, :builder], :formats=>[:html], :locale=>[:en, :en]}. Searched in:
  * "/local/ae/webs/thewellofwishes/app/views"
):
  

Rendered /usr/local/lib/ruby/gems/1.9.1/gems/actionpack-3.1.0/lib/action_dispatch/middleware/templates/rescues/missing_template.erb within rescues/layout (21.3ms)


Started GET "/" for 127.0.0.1 at 2011-09-20 08:59:01 +0200
  Processing by HomeController#show as HTML
  [1m[35mWish Load (0.2ms)[0m  SELECT "wishes".* FROM "wishes" 
Rendered home/show.html.erb within layouts/main (2.6ms)
Completed 500 Internal Server Error in 34ms

ActionView::Template::Error (No route matches {:controller=>"wishes", :action=>"new"}):
    13: The man seems pretty impressed, and so he shouts down: Why not on Saturday? and the voice from in the well shouts back: Because on Saturday, it's your day in the well. </p>
    14: 
    15: <p class="more">
    16: <%= link_to "MAKE A WISH", {:controller => :wishes, :action => :new }, :class => "fancy"%>
    17: </p>
    18: <h3>Wish list</h3>
    19: 
  app/views/home/show.html.erb:16:in `_app_views_home_show_html_erb__918344229_91112970'

Rendered /usr/local/lib/ruby/gems/1.9.1/gems/actionpack-3.1.0/lib/action_dispatch/middleware/templates/rescues/routing_error.erb within rescues/layout (0.9ms)


Started GET "/" for 127.0.0.1 at 2011-09-20 08:59:28 +0200
  Processing by HomeController#show as HTML
  [1m[36mWish Load (0.2ms)[0m  [1mSELECT "wishes".* FROM "wishes" [0m
Rendered home/show.html.erb within layouts/main (1.6ms)
Completed 500 Internal Server Error in 20ms

ActionView::Template::Error (No route matches {:controller=>"wishes", :action=>"new"}):
    13: The man seems pretty impressed, and so he shouts down: Why not on Saturday? and the voice from in the well shouts back: Because on Saturday, it's your day in the well. </p>
    14: 
    15: <p class="more">
    16: <%= link_to "MAKE A WISH", {:controller => :wishes, :action => :new }, :class => "fancy"%>
    17: </p>
    18: <h3>Wish list</h3>
    19: 
  app/views/home/show.html.erb:16:in `_app_views_home_show_html_erb__918344229_91112970'

Rendered /usr/local/lib/ruby/gems/1.9.1/gems/actionpack-3.1.0/lib/action_dispatch/middleware/templates/rescues/routing_error.erb within rescues/layout (0.9ms)


Started GET "/" for 127.0.0.1 at 2011-09-20 09:00:10 +0200
  Processing by HomeController#show as HTML
  [1m[35mWish Load (0.2ms)[0m  SELECT "wishes".* FROM "wishes" 
Rendered home/show.html.erb within layouts/main (1.5ms)
Completed 500 Internal Server Error in 19ms

ActionView::Template::Error (No route matches {:controller=>"wishes", :action=>"new"}):
    13: The man seems pretty impressed, and so he shouts down: Why not on Saturday? and the voice from in the well shouts back: Because on Saturday, it's your day in the well. </p>
    14: 
    15: <p class="more">
    16: <%= link_to "MAKE A WISH", {:controller => :wishes, :action => :new }, :class => "fancy"%>
    17: </p>
    18: <h3>Wish list</h3>
    19: 
  app/views/home/show.html.erb:16:in `_app_views_home_show_html_erb__918344229_91112970'

Rendered /usr/local/lib/ruby/gems/1.9.1/gems/actionpack-3.1.0/lib/action_dispatch/middleware/templates/rescues/routing_error.erb within rescues/layout (0.8ms)


Started GET "/" for 127.0.0.1 at 2011-09-20 09:06:34 +0200
  Processing by HomeController#show as HTML
  [1m[36mWish Load (0.5ms)[0m  [1mSELECT "wishes".* FROM "wishes" [0m
Rendered wishes/_wish.html.erb (0.0ms)
Rendered home/show.html.erb within layouts/main (54.8ms)
Completed 200 OK in 290ms (Views: 149.3ms | ActiveRecord: 11.8ms)


Started GET "/stylesheets/style.css" for 127.0.0.1 at 2011-09-20 09:06:36 +0200

ActionController::RoutingError (No route matches [GET] "/stylesheets/style.css"):
  

Rendered /usr/local/lib/ruby/gems/1.9.1/gems/actionpack-3.1.0/lib/action_dispatch/middleware/templates/rescues/routing_error.erb within rescues/layout (0.9ms)


Started GET "/stylesheets/style.css" for 127.0.0.1 at 2011-09-20 09:06:36 +0200

ActionController::RoutingError (No route matches [GET] "/stylesheets/style.css"):
  

Rendered /usr/local/lib/ruby/gems/1.9.1/gems/actionpack-3.1.0/lib/action_dispatch/middleware/templates/rescues/routing_error.erb within rescues/layout (0.8ms)


Started GET "/wishes/new" for 127.0.0.1 at 2011-09-20 09:06:42 +0200
  Processing by WishesController#new as */*
Rendered wishes/new.html.erb within layouts/application (0.6ms)
Completed 200 OK in 32ms (Views: 31.2ms | ActiveRecord: 0.0ms)


Started GET "/javascripts/jquery.js" for 127.0.0.1 at 2011-09-20 09:06:43 +0200

ActionController::RoutingError (No route matches [GET] "/javascripts/jquery.js"):
  

Rendered /usr/local/lib/ruby/gems/1.9.1/gems/actionpack-3.1.0/lib/action_dispatch/middleware/templates/rescues/routing_error.erb within rescues/layout (0.9ms)


Started GET "/javascripts/jquery_ujs.js" for 127.0.0.1 at 2011-09-20 09:06:43 +0200

ActionController::RoutingError (No route matches [GET] "/javascripts/jquery_ujs.js"):
  

Rendered /usr/local/lib/ruby/gems/1.9.1/gems/actionpack-3.1.0/lib/action_dispatch/middleware/templates/rescues/routing_error.erb within rescues/layout (0.8ms)


Started GET "/" for 127.0.0.1 at 2011-09-20 09:06:51 +0200
  Processing by HomeController#show as HTML
  [1m[35mWish Load (0.2ms)[0m  SELECT "wishes".* FROM "wishes" 
Rendered wishes/_wish.html.erb (0.0ms)
Rendered home/show.html.erb within layouts/main (2.3ms)
Completed 200 OK in 20ms (Views: 7.4ms | ActiveRecord: 2.0ms)


Started GET "/stylesheets/style.css" for 127.0.0.1 at 2011-09-20 09:06:51 +0200

ActionController::RoutingError (No route matches [GET] "/stylesheets/style.css"):
  

Rendered /usr/local/lib/ruby/gems/1.9.1/gems/actionpack-3.1.0/lib/action_dispatch/middleware/templates/rescues/routing_error.erb within rescues/layout (0.9ms)


Started GET "/stylesheets/style.css" for 127.0.0.1 at 2011-09-20 09:06:51 +0200

ActionController::RoutingError (No route matches [GET] "/stylesheets/style.css"):
  

Rendered /usr/local/lib/ruby/gems/1.9.1/gems/actionpack-3.1.0/lib/action_dispatch/middleware/templates/rescues/routing_error.erb within rescues/layout (0.9ms)


Started GET "/" for 127.0.0.1 at 2011-09-20 09:07:43 +0200
  Processing by HomeController#show as HTML
  [1m[36mWish Load (0.2ms)[0m  [1mSELECT "wishes".* FROM "wishes" [0m
Rendered wishes/_wish.html.erb (0.0ms)
Rendered home/show.html.erb within layouts/main (2.3ms)
Completed 200 OK in 20ms (Views: 8.2ms | ActiveRecord: 2.0ms)


Started GET "/stylesheets/images/read_more_arrow.gif" for 127.0.0.1 at 2011-09-20 09:07:43 +0200

ActionController::RoutingError (No route matches [GET] "/stylesheets/images/read_more_arrow.gif"):
  

Rendered /usr/local/lib/ruby/gems/1.9.1/gems/actionpack-3.1.0/lib/action_dispatch/middleware/templates/rescues/routing_error.erb within rescues/layout (1.0ms)


Started GET "/wishes/new" for 127.0.0.1 at 2011-09-20 09:07:46 +0200
  Processing by WishesController#new as */*
Rendered wishes/new.html.erb within layouts/application (0.1ms)
Completed 200 OK in 15ms (Views: 14.7ms | ActiveRecord: 0.0ms)


Started GET "/javascripts/jquery.js" for 127.0.0.1 at 2011-09-20 09:07:46 +0200

ActionController::RoutingError (No route matches [GET] "/javascripts/jquery.js"):
  

Rendered /usr/local/lib/ruby/gems/1.9.1/gems/actionpack-3.1.0/lib/action_dispatch/middleware/templates/rescues/routing_error.erb within rescues/layout (0.9ms)


Started GET "/javascripts/jquery_ujs.js" for 127.0.0.1 at 2011-09-20 09:07:46 +0200

ActionController::RoutingError (No route matches [GET] "/javascripts/jquery_ujs.js"):
  

Rendered /usr/local/lib/ruby/gems/1.9.1/gems/actionpack-3.1.0/lib/action_dispatch/middleware/templates/rescues/routing_error.erb within rescues/layout (0.9ms)


Started GET "/stylesheets/images/read_more_arrow.gif" for 127.0.0.1 at 2011-09-20 09:07:46 +0200

ActionController::RoutingError (No route matches [GET] "/stylesheets/images/read_more_arrow.gif"):
  

Rendered /usr/local/lib/ruby/gems/1.9.1/gems/actionpack-3.1.0/lib/action_dispatch/middleware/templates/rescues/routing_error.erb within rescues/layout (0.8ms)


Started POST "/wishes/create" for 127.0.0.1 at 2011-09-20 09:07:57 +0200

ActionController::RoutingError (No route matches [POST] "/wishes/create"):
  

Rendered /usr/local/lib/ruby/gems/1.9.1/gems/actionpack-3.1.0/lib/action_dispatch/middleware/templates/rescues/routing_error.erb within rescues/layout (0.9ms)


Started GET "/" for 127.0.0.1 at 2011-09-20 09:10:10 +0200
  Processing by HomeController#show as HTML
  [1m[36mWish Load (0.4ms)[0m  [1mSELECT "wishes".* FROM "wishes" [0m
Rendered wishes/_wish.html.erb (0.0ms)
Rendered home/show.html.erb within layouts/main (70.3ms)
Completed 200 OK in 271ms (Views: 131.0ms | ActiveRecord: 11.5ms)


Started GET "/stylesheets/images/read_more_arrow.gif" for 127.0.0.1 at 2011-09-20 09:10:12 +0200

ActionController::RoutingError (No route matches [GET] "/stylesheets/images/read_more_arrow.gif"):
  

Rendered /usr/local/lib/ruby/gems/1.9.1/gems/actionpack-3.1.0/lib/action_dispatch/middleware/templates/rescues/routing_error.erb within rescues/layout (0.9ms)


Started GET "/wishes/new" for 127.0.0.1 at 2011-09-20 09:10:13 +0200
  Processing by WishesController#new as */*
Rendered wishes/new.html.erb within layouts/application (0.6ms)
Completed 200 OK in 13ms (Views: 12.8ms | ActiveRecord: 0.0ms)


Started GET "/javascripts/jquery.js" for 127.0.0.1 at 2011-09-20 09:10:13 +0200

ActionController::RoutingError (No route matches [GET] "/javascripts/jquery.js"):
  

Rendered /usr/local/lib/ruby/gems/1.9.1/gems/actionpack-3.1.0/lib/action_dispatch/middleware/templates/rescues/routing_error.erb within rescues/layout (1.0ms)


Started GET "/javascripts/jquery_ujs.js" for 127.0.0.1 at 2011-09-20 09:10:13 +0200

ActionController::RoutingError (No route matches [GET] "/javascripts/jquery_ujs.js"):
  

Rendered /usr/local/lib/ruby/gems/1.9.1/gems/actionpack-3.1.0/lib/action_dispatch/middleware/templates/rescues/routing_error.erb within rescues/layout (0.9ms)


Started GET "/stylesheets/images/read_more_arrow.gif" for 127.0.0.1 at 2011-09-20 09:10:13 +0200

ActionController::RoutingError (No route matches [GET] "/stylesheets/images/read_more_arrow.gif"):
  

Rendered /usr/local/lib/ruby/gems/1.9.1/gems/actionpack-3.1.0/lib/action_dispatch/middleware/templates/rescues/routing_error.erb within rescues/layout (0.9ms)


Started POST "/posts" for 127.0.0.1 at 2011-09-20 09:10:22 +0200

ActionController::RoutingError (No route matches [POST] "/posts"):
  

Rendered /usr/local/lib/ruby/gems/1.9.1/gems/actionpack-3.1.0/lib/action_dispatch/middleware/templates/rescues/routing_error.erb within rescues/layout (0.8ms)


Started GET "/" for 127.0.0.1 at 2011-09-20 09:13:38 +0200
  Processing by HomeController#show as HTML
  [1m[35mWish Load (0.2ms)[0m  SELECT "wishes".* FROM "wishes" 
Rendered wishes/_wish.html.erb (0.0ms)
Rendered home/show.html.erb within layouts/main (2.3ms)
Completed 200 OK in 20ms (Views: 7.4ms | ActiveRecord: 2.2ms)


Started GET "/stylesheets/images/read_more_arrow.gif" for 127.0.0.1 at 2011-09-20 09:13:38 +0200

ActionController::RoutingError (No route matches [GET] "/stylesheets/images/read_more_arrow.gif"):
  

Rendered /usr/local/lib/ruby/gems/1.9.1/gems/actionpack-3.1.0/lib/action_dispatch/middleware/templates/rescues/routing_error.erb within rescues/layout (0.9ms)


Started GET "/wishes/new" for 127.0.0.1 at 2011-09-20 09:13:39 +0200
  Processing by WishesController#new as */*
Rendered wishes/new.html.erb within layouts/application (27.7ms)
Completed 200 OK in 44ms (Views: 38.5ms | ActiveRecord: 4.0ms)


Started GET "/javascripts/jquery.js" for 127.0.0.1 at 2011-09-20 09:13:39 +0200

ActionController::RoutingError (No route matches [GET] "/javascripts/jquery.js"):
  

Rendered /usr/local/lib/ruby/gems/1.9.1/gems/actionpack-3.1.0/lib/action_dispatch/middleware/templates/rescues/routing_error.erb within rescues/layout (0.9ms)


Started GET "/javascripts/jquery_ujs.js" for 127.0.0.1 at 2011-09-20 09:13:39 +0200

ActionController::RoutingError (No route matches [GET] "/javascripts/jquery_ujs.js"):
  

Rendered /usr/local/lib/ruby/gems/1.9.1/gems/actionpack-3.1.0/lib/action_dispatch/middleware/templates/rescues/routing_error.erb within rescues/layout (1.0ms)


Started GET "/stylesheets/images/read_more_arrow.gif" for 127.0.0.1 at 2011-09-20 09:13:39 +0200

ActionController::RoutingError (No route matches [GET] "/stylesheets/images/read_more_arrow.gif"):
  

Rendered /usr/local/lib/ruby/gems/1.9.1/gems/actionpack-3.1.0/lib/action_dispatch/middleware/templates/rescues/routing_error.erb within rescues/layout (0.9ms)


Started POST "/wishes" for 127.0.0.1 at 2011-09-20 09:13:43 +0200
  Processing by WishesController#create as HTML
  Parameters: {"utf8"=>"✓", "authenticity_token"=>"XFrJqcvGjUdp7fc57SaPCogMLVOa9+rtKS+9mIoyD4s=", "name"=>"sdfg", "your_wish"=>"sdfgsdfg", "submit"=>"Make a wish!"}
  [1m[36m (0.1ms)[0m  [1mBEGIN[0m
  [1m[35mSQL (45.4ms)[0m  INSERT INTO "wishes" ("anonymous", "created_at", "name", "secret", "updated_at", "your_wish") VALUES ($1, $2, $3, $4, $5, $6) RETURNING "id"  [["anonymous", nil], ["created_at", Tue, 20 Sep 2011 07:13:43 UTC +00:00], ["name", "sdfg"], ["secret", nil], ["updated_at", Tue, 20 Sep 2011 07:13:43 UTC +00:00], ["your_wish", "sdfgsdfg"]]
  [1m[36m (7.3ms)[0m  [1mCOMMIT[0m
  [1m[35m (0.1ms)[0m  BEGIN
  [1m[36m (0.1ms)[0m  [1mCOMMIT[0m
Redirected to http://localhost:3000/
Completed 302 Found in 79ms


Started GET "/" for 127.0.0.1 at 2011-09-20 09:13:43 +0200
  Processing by HomeController#show as HTML
  [1m[35mWish Load (0.3ms)[0m  SELECT "wishes".* FROM "wishes" 
Rendered wishes/_wish.html.erb (10.0ms)
Rendered home/show.html.erb within layouts/main (12.6ms)
Completed 200 OK in 32ms (Views: 17.8ms | ActiveRecord: 4.1ms)


Started GET "/stylesheets/images/read_more_arrow.gif" for 127.0.0.1 at 2011-09-20 09:13:43 +0200

ActionController::RoutingError (No route matches [GET] "/stylesheets/images/read_more_arrow.gif"):
  

Rendered /usr/local/lib/ruby/gems/1.9.1/gems/actionpack-3.1.0/lib/action_dispatch/middleware/templates/rescues/routing_error.erb within rescues/layout (0.9ms)


Started GET "/wishes/new" for 127.0.0.1 at 2011-09-20 09:14:09 +0200
  Processing by WishesController#new as */*
Rendered wishes/new.html.erb within layouts/application (22.2ms)
Completed 200 OK in 34ms (Views: 30.2ms | ActiveRecord: 2.8ms)


Started GET "/javascripts/jquery.js" for 127.0.0.1 at 2011-09-20 09:14:09 +0200

ActionController::RoutingError (No route matches [GET] "/javascripts/jquery.js"):
  

Rendered /usr/local/lib/ruby/gems/1.9.1/gems/actionpack-3.1.0/lib/action_dispatch/middleware/templates/rescues/routing_error.erb within rescues/layout (1.0ms)


Started GET "/stylesheets/images/read_more_arrow.gif" for 127.0.0.1 at 2011-09-20 09:14:09 +0200

ActionController::RoutingError (No route matches [GET] "/stylesheets/images/read_more_arrow.gif"):
  

Rendered /usr/local/lib/ruby/gems/1.9.1/gems/actionpack-3.1.0/lib/action_dispatch/middleware/templates/rescues/routing_error.erb within rescues/layout (0.9ms)


Started GET "/javascripts/jquery_ujs.js" for 127.0.0.1 at 2011-09-20 09:14:09 +0200

ActionController::RoutingError (No route matches [GET] "/javascripts/jquery_ujs.js"):
  

Rendered /usr/local/lib/ruby/gems/1.9.1/gems/actionpack-3.1.0/lib/action_dispatch/middleware/templates/rescues/routing_error.erb within rescues/layout (0.9ms)


Started GET "/" for 127.0.0.1 at 2011-09-20 09:14:59 +0200
  Processing by HomeController#show as HTML
  [1m[36mWish Load (0.2ms)[0m  [1mSELECT "wishes".* FROM "wishes" [0m
Rendered wishes/_wish.html.erb (9.8ms)
Rendered home/show.html.erb within layouts/main (12.3ms)
Completed 200 OK in 33ms (Views: 17.5ms | ActiveRecord: 4.4ms)


Started GET "/stylesheets/images/read_more_arrow.gif" for 127.0.0.1 at 2011-09-20 09:14:59 +0200

ActionController::RoutingError (No route matches [GET] "/stylesheets/images/read_more_arrow.gif"):
  

Rendered /usr/local/lib/ruby/gems/1.9.1/gems/actionpack-3.1.0/lib/action_dispatch/middleware/templates/rescues/routing_error.erb within rescues/layout (0.9ms)


Started GET "/" for 127.0.0.1 at 2011-09-20 09:15:18 +0200
  Processing by HomeController#show as HTML
  [1m[35mWish Load (0.2ms)[0m  SELECT "wishes".* FROM "wishes" 
Rendered wishes/_wish.html.erb (10.0ms)
Rendered home/show.html.erb within layouts/main (12.5ms)
Completed 200 OK in 32ms (Views: 17.6ms | ActiveRecord: 3.8ms)


Started GET "/stylesheets/images/read_more_arrow.gif" for 127.0.0.1 at 2011-09-20 09:15:18 +0200

ActionController::RoutingError (No route matches [GET] "/stylesheets/images/read_more_arrow.gif"):
  

Rendered /usr/local/lib/ruby/gems/1.9.1/gems/actionpack-3.1.0/lib/action_dispatch/middleware/templates/rescues/routing_error.erb within rescues/layout (0.9ms)
